<?xml version="1.0" encoding="UTF-8"?>
<!-- Generated by org.testng.reporters.JUnitReportReporter -->
<testsuite hostname="LAPTOP-RTCFK094" name="datadriven.datadriven" tests="1" failures="0" timestamp="12 Apr 2022 06:49:05 GMT" time="15.663" errors="0">
  <testcase name="TestingBlog" time="15.663" classname="datadriven.datadriven"/>
</testsuite> <!-- datadriven.datadriven -->
